<?xml version="1.0" encoding="UTF-8"?>
<!-- Generated by org.testng.reporters.JUnitXMLReporter -->
<testsuite hostname="ADMIN-PC" ignored="0" name="Test" tests="7" failures="0" timestamp="07 Jan 2021 11:32:44 GMT" time="259.367" errors="0">
  <testcase name="verifyCorrectData" time="4.45" classname="com.test.LoginPageTest"/>
  <testcase name="verifyAllCourses" time="4.378" classname="com.test.DashboardPageTest"/>
  <testcase name="verifymainHeading" time="141.295" classname="com.test.UserPageTest"/>
  <testcase name="verifymainHeading" time="2.802" classname="com.test.OperatorsPageTest"/>
  <testcase name="verifymainHeading" time="36.149" classname="com.test.DownloadPageTest"/>
  <testcase name="verifyHeading" time="5.953" classname="com.test.AddUserPageTest"/>
  <testcase name="verifymainHeading" time="2.19" classname="com.test.UsefulLinksPageTest"/>
</testsuite> <!-- Test -->
