<?xml version="1.0" encoding="UTF-8" ?>
<testsuite tests="7" failures="0" name="TestSuite" time="239.489" errors="0" skipped="0">
  <properties>
[...]
</properties>
  <testcase classname="com.test.LoginPageTest" name="verifyCorrectData" time="18.934"/>
  <testcase classname="com.test.DashboardPageTest" name="verifyAllCourses" time="6.175"/>
  <testcase classname="com.test.UserPageTest" name="verifymainHeading" time="30.409"/>
  <testcase classname="com.test.OperatorsPageTest" name="verifymainHeading" time="144.768"/>
  <testcase classname="com.test.DownloadPageTest" name="verifymainHeading" time="19.116"/>
  <testcase classname="com.test.AddUserPageTest" name="verifyHeading" time="10.379"/>
  <testcase classname="com.test.UsefulLinksPageTest" name="verifymainHeading" time="9.708"/>
</testsuite>